This is pdfTeX, Version 3.1415926-2.5-1.40.14 (MiKTeX 2.9) (preloaded format=pdflatex 2015.5.11)  15 JUL 2015 12:53
entering extended mode
**TallyDokumentation.tex

(C:\Users\Nico\Documents\GitHub\Tally_Teamproject\documents\documentation\Tally
Dokumentation.tex
LaTeX2e <2011/06/27>
Babel <v3.8m> and hyphenation patterns for english, afrikaans, ancientgreek, ar
abic, armenian, assamese, basque, bengali, bokmal, bulgarian, catalan, coptic, 
croatian, czech, danish, dutch, esperanto, estonian, farsi, finnish, french, ga
lician, german, german-x-2013-05-26, greek, gujarati, hindi, hungarian, iceland
ic, indonesian, interlingua, irish, italian, kannada, kurmanji, latin, latvian,
 lithuanian, malayalam, marathi, mongolian, mongolianlmc, monogreek, ngerman, n
german-x-2013-05-26, nynorsk, oriya, panjabi, pinyin, polish, portuguese, roman
ian, russian, sanskrit, serbian, slovak, slovenian, spanish, swedish, swissgerm
an, tamil, telugu, turkish, turkmen, ukenglish, ukrainian, uppersorbian, usengl
ishmax, welsh, loaded.
("C:\Program Files (x86)\MiKTeX 2.9\tex\latex\base\article.cls"
Document Class: article 2007/10/19 v1.4h Standard LaTeX document class
("C:\Program Files (x86)\MiKTeX 2.9\tex\latex\base\size11.clo"
File: size11.clo 2007/10/19 v1.4h Standard LaTeX file (size option)
)
\c@part=\count79
\c@section=\count80
\c@subsection=\count81
\c@subsubsection=\count82
\c@paragraph=\count83
\c@subparagraph=\count84
\c@figure=\count85
\c@table=\count86
\abovecaptionskip=\skip41
\belowcaptionskip=\skip42
\bibindent=\dimen102
)
("C:\Program Files (x86)\MiKTeX 2.9\tex\generic\babel\babel.sty"
Package: babel 2008/07/08 v3.8m The Babel package

*************************************
* Local config file bblopts.cfg used
*
("C:\Program Files (x86)\MiKTeX 2.9\tex\latex\00miktex\bblopts.cfg"
File: bblopts.cfg 2006/07/31 v1.0 MiKTeX 'babel' configuration
)
("C:\Program Files (x86)\MiKTeX 2.9\tex\generic\babel\ngermanb.ldf"
Language: ngermanb 2008/07/06 v2.6n new German support from the babel system

("C:\Program Files (x86)\MiKTeX 2.9\tex\generic\babel\babel.def"
File: babel.def 2008/07/08 v3.8m Babel common definitions
\babel@savecnt=\count87
\U@D=\dimen103
)
\l@naustrian = a dialect from \language\l@ngerman 
Package babel Info: Making " an active character on input line 92.
))
("C:\Program Files (x86)\MiKTeX 2.9\tex\latex\base\fontenc.sty"
Package: fontenc 2005/09/27 v1.99g Standard LaTeX package

("C:\Program Files (x86)\MiKTeX 2.9\tex\latex\base\t1enc.def"
File: t1enc.def 2005/09/27 v1.99g Standard LaTeX file
LaTeX Font Info:    Redeclaring font encoding T1 on input line 43.
))
("C:\Program Files (x86)\MiKTeX 2.9\tex\latex\graphics\graphicx.sty"
Package: graphicx 1999/02/16 v1.0f Enhanced LaTeX Graphics (DPC,SPQR)

("C:\Program Files (x86)\MiKTeX 2.9\tex\latex\graphics\keyval.sty"
Package: keyval 1999/03/16 v1.13 key=value parser (DPC)
\KV@toks@=\toks14
)
("C:\Program Files (x86)\MiKTeX 2.9\tex\latex\graphics\graphics.sty"
Package: graphics 2009/02/05 v1.0o Standard LaTeX Graphics (DPC,SPQR)

("C:\Program Files (x86)\MiKTeX 2.9\tex\latex\graphics\trig.sty"
Package: trig 1999/03/16 v1.09 sin cos tan (DPC)
)
("C:\Program Files (x86)\MiKTeX 2.9\tex\latex\00miktex\graphics.cfg"
File: graphics.cfg 2007/01/18 v1.5 graphics configuration of teTeX/TeXLive
)
Package graphics Info: Driver file: pdftex.def on input line 91.

("C:\Program Files (x86)\MiKTeX 2.9\tex\latex\pdftex-def\pdftex.def"
File: pdftex.def 2011/05/27 v0.06d Graphics/color for pdfTeX

("C:\Program Files (x86)\MiKTeX 2.9\tex\generic\oberdiek\infwarerr.sty"
Package: infwarerr 2010/04/08 v1.3 Providing info/warning/error messages (HO)
)
("C:\Program Files (x86)\MiKTeX 2.9\tex\generic\oberdiek\ltxcmds.sty"
Package: ltxcmds 2011/11/09 v1.22 LaTeX kernel commands for general use (HO)
)
\Gread@gobject=\count88
))
\Gin@req@height=\dimen104
\Gin@req@width=\dimen105
)
(C:\Users\Nico\AppData\Roaming\MiKTeX\2.9\tex\latex\german\ngerman.sty
v2.5e 1998-07-08
Package: ngerman 1998/07/08 v2.5e Support for writing german texts (br)
\grmnU@D=\dimen106
LaTeX Info: Redefining \glqq on input line 255.
LaTeX Info: Redefining \glq on input line 268.
LaTeX Info: Redefining \flqq on input line 281.
LaTeX Info: Redefining \frqq on input line 289.
LaTeX Info: Redefining \flq on input line 297.
LaTeX Info: Redefining \frq on input line 304.
)
(C:\Users\Nico\AppData\Roaming\MiKTeX\2.9\tex\latex\listings\listings.sty
\lst@mode=\count89
\lst@gtempboxa=\box26
\lst@token=\toks15
\lst@length=\count90
\lst@currlwidth=\dimen107
\lst@column=\count91
\lst@pos=\count92
\lst@lostspace=\dimen108
\lst@width=\dimen109
\lst@newlines=\count93
\lst@lineno=\count94
\lst@maxwidth=\dimen110

(C:\Users\Nico\AppData\Roaming\MiKTeX\2.9\tex\latex\listings\lstmisc.sty
File: lstmisc.sty 2015/06/04 1.6 (Carsten Heinz)
\c@lstnumber=\count95
\lst@skipnumbers=\count96
\lst@framebox=\box27
)
(C:\Users\Nico\AppData\Roaming\MiKTeX\2.9\tex\latex\listings\listings.cfg
File: listings.cfg 2015/06/04 1.6 listings configuration
))
Package: listings 2015/06/04 1.6 (Carsten Heinz)

("C:\Program Files (x86)\MiKTeX 2.9\tex\latex\graphics\color.sty"
Package: color 2005/11/14 v1.0j Standard LaTeX Color (DPC)

("C:\Program Files (x86)\MiKTeX 2.9\tex\latex\00miktex\color.cfg"
File: color.cfg 2007/01/18 v1.5 color configuration of teTeX/TeXLive
)
Package color Info: Driver file: pdftex.def on input line 130.
)
("C:\Program Files (x86)\MiKTeX 2.9\tex\latex\base\inputenc.sty"
Package: inputenc 2008/03/30 v1.1d Input encoding file
\inpenc@prehook=\toks16
\inpenc@posthook=\toks17

(C:\Users\Nico\AppData\Roaming\MiKTeX\2.9\tex\latex\ucs\utf8x.def
File: utf8x.def 2004/10/17 UCS: Input encoding UTF-8
)
("C:\Program Files (x86)\MiKTeX 2.9\tex\latex\base\utf8.def"
File: utf8.def 2008/04/05 v1.1m UTF-8 support for inputenc
Now handling font encoding OML ...
... no UTF-8 mapping file for font encoding OML
Now handling font encoding T1 ...
... processing UTF-8 mapping file for font encoding T1

("C:\Program Files (x86)\MiKTeX 2.9\tex\latex\base\t1enc.dfu"
File: t1enc.dfu 2008/04/05 v1.1m UTF-8 support for inputenc
   defining Unicode char U+00A1 (decimal 161)
   defining Unicode char U+00A3 (decimal 163)
   defining Unicode char U+00AB (decimal 171)
   defining Unicode char U+00BB (decimal 187)
   defining Unicode char U+00BF (decimal 191)
   defining Unicode char U+00C0 (decimal 192)
   defining Unicode char U+00C1 (decimal 193)
   defining Unicode char U+00C2 (decimal 194)
   defining Unicode char U+00C3 (decimal 195)
   defining Unicode char U+00C4 (decimal 196)
   defining Unicode char U+00C5 (decimal 197)
   defining Unicode char U+00C6 (decimal 198)
   defining Unicode char U+00C7 (decimal 199)
   defining Unicode char U+00C8 (decimal 200)
   defining Unicode char U+00C9 (decimal 201)
   defining Unicode char U+00CA (decimal 202)
   defining Unicode char U+00CB (decimal 203)
   defining Unicode char U+00CC (decimal 204)
   defining Unicode char U+00CD (decimal 205)
   defining Unicode char U+00CE (decimal 206)
   defining Unicode char U+00CF (decimal 207)
   defining Unicode char U+00D0 (decimal 208)
   defining Unicode char U+00D1 (decimal 209)
   defining Unicode char U+00D2 (decimal 210)
   defining Unicode char U+00D3 (decimal 211)
   defining Unicode char U+00D4 (decimal 212)
   defining Unicode char U+00D5 (decimal 213)
   defining Unicode char U+00D6 (decimal 214)
   defining Unicode char U+00D8 (decimal 216)
   defining Unicode char U+00D9 (decimal 217)
   defining Unicode char U+00DA (decimal 218)
   defining Unicode char U+00DB (decimal 219)
   defining Unicode char U+00DC (decimal 220)
   defining Unicode char U+00DD (decimal 221)
   defining Unicode char U+00DE (decimal 222)
   defining Unicode char U+00DF (decimal 223)
   defining Unicode char U+00E0 (decimal 224)
   defining Unicode char U+00E1 (decimal 225)
   defining Unicode char U+00E2 (decimal 226)
   defining Unicode char U+00E3 (decimal 227)
   defining Unicode char U+00E4 (decimal 228)
   defining Unicode char U+00E5 (decimal 229)
   defining Unicode char U+00E6 (decimal 230)
   defining Unicode char U+00E7 (decimal 231)
   defining Unicode char U+00E8 (decimal 232)
   defining Unicode char U+00E9 (decimal 233)
   defining Unicode char U+00EA (decimal 234)
   defining Unicode char U+00EB (decimal 235)
   defining Unicode char U+00EC (decimal 236)
   defining Unicode char U+00ED (decimal 237)
   defining Unicode char U+00EE (decimal 238)
   defining Unicode char U+00EF (decimal 239)
   defining Unicode char U+00F0 (decimal 240)
   defining Unicode char U+00F1 (decimal 241)
   defining Unicode char U+00F2 (decimal 242)
   defining Unicode char U+00F3 (decimal 243)
   defining Unicode char U+00F4 (decimal 244)
   defining Unicode char U+00F5 (decimal 245)
   defining Unicode char U+00F6 (decimal 246)
   defining Unicode char U+00F8 (decimal 248)
   defining Unicode char U+00F9 (decimal 249)
   defining Unicode char U+00FA (decimal 250)
   defining Unicode char U+00FB (decimal 251)
   defining Unicode char U+00FC (decimal 252)
   defining Unicode char U+00FD (decimal 253)
   defining Unicode char U+00FE (decimal 254)
   defining Unicode char U+00FF (decimal 255)
   defining Unicode char U+0102 (decimal 258)
   defining Unicode char U+0103 (decimal 259)
   defining Unicode char U+0104 (decimal 260)
   defining Unicode char U+0105 (decimal 261)
   defining Unicode char U+0106 (decimal 262)
   defining Unicode char U+0107 (decimal 263)
   defining Unicode char U+010C (decimal 268)
   defining Unicode char U+010D (decimal 269)
   defining Unicode char U+010E (decimal 270)
   defining Unicode char U+010F (decimal 271)
   defining Unicode char U+0110 (decimal 272)
   defining Unicode char U+0111 (decimal 273)
   defining Unicode char U+0118 (decimal 280)
   defining Unicode char U+0119 (decimal 281)
   defining Unicode char U+011A (decimal 282)
   defining Unicode char U+011B (decimal 283)
   defining Unicode char U+011E (decimal 286)
   defining Unicode char U+011F (decimal 287)
   defining Unicode char U+0130 (decimal 304)
   defining Unicode char U+0131 (decimal 305)
   defining Unicode char U+0132 (decimal 306)
   defining Unicode char U+0133 (decimal 307)
   defining Unicode char U+0139 (decimal 313)
   defining Unicode char U+013A (decimal 314)
   defining Unicode char U+013D (decimal 317)
   defining Unicode char U+013E (decimal 318)
   defining Unicode char U+0141 (decimal 321)
   defining Unicode char U+0142 (decimal 322)
   defining Unicode char U+0143 (decimal 323)
   defining Unicode char U+0144 (decimal 324)
   defining Unicode char U+0147 (decimal 327)
   defining Unicode char U+0148 (decimal 328)
   defining Unicode char U+014A (decimal 330)
   defining Unicode char U+014B (decimal 331)
   defining Unicode char U+0150 (decimal 336)
   defining Unicode char U+0151 (decimal 337)
   defining Unicode char U+0152 (decimal 338)
   defining Unicode char U+0153 (decimal 339)
   defining Unicode char U+0154 (decimal 340)
   defining Unicode char U+0155 (decimal 341)
   defining Unicode char U+0158 (decimal 344)
   defining Unicode char U+0159 (decimal 345)
   defining Unicode char U+015A (decimal 346)
   defining Unicode char U+015B (decimal 347)
   defining Unicode char U+015E (decimal 350)
   defining Unicode char U+015F (decimal 351)
   defining Unicode char U+0160 (decimal 352)
   defining Unicode char U+0161 (decimal 353)
   defining Unicode char U+0162 (decimal 354)
   defining Unicode char U+0163 (decimal 355)
   defining Unicode char U+0164 (decimal 356)
   defining Unicode char U+0165 (decimal 357)
   defining Unicode char U+016E (decimal 366)
   defining Unicode char U+016F (decimal 367)
   defining Unicode char U+0170 (decimal 368)
   defining Unicode char U+0171 (decimal 369)
   defining Unicode char U+0178 (decimal 376)
   defining Unicode char U+0179 (decimal 377)
   defining Unicode char U+017A (decimal 378)
   defining Unicode char U+017B (decimal 379)
   defining Unicode char U+017C (decimal 380)
   defining Unicode char U+017D (decimal 381)
   defining Unicode char U+017E (decimal 382)
   defining Unicode char U+200C (decimal 8204)
   defining Unicode char U+2013 (decimal 8211)
   defining Unicode char U+2014 (decimal 8212)
   defining Unicode char U+2018 (decimal 8216)
   defining Unicode char U+2019 (decimal 8217)
   defining Unicode char U+201A (decimal 8218)
   defining Unicode char U+201C (decimal 8220)
   defining Unicode char U+201D (decimal 8221)
   defining Unicode char U+201E (decimal 8222)
   defining Unicode char U+2030 (decimal 8240)
   defining Unicode char U+2031 (decimal 8241)
   defining Unicode char U+2039 (decimal 8249)
   defining Unicode char U+203A (decimal 8250)
   defining Unicode char U+2423 (decimal 9251)
)
Now handling font encoding OT1 ...
... processing UTF-8 mapping file for font encoding OT1

("C:\Program Files (x86)\MiKTeX 2.9\tex\latex\base\ot1enc.dfu"
File: ot1enc.dfu 2008/04/05 v1.1m UTF-8 support for inputenc
   defining Unicode char U+00A1 (decimal 161)
   defining Unicode char U+00A3 (decimal 163)
   defining Unicode char U+00B8 (decimal 184)
   defining Unicode char U+00BF (decimal 191)
   defining Unicode char U+00C5 (decimal 197)
   defining Unicode char U+00C6 (decimal 198)
   defining Unicode char U+00D8 (decimal 216)
   defining Unicode char U+00DF (decimal 223)
   defining Unicode char U+00E6 (decimal 230)
   defining Unicode char U+00EC (decimal 236)
   defining Unicode char U+00ED (decimal 237)
   defining Unicode char U+00EE (decimal 238)
   defining Unicode char U+00EF (decimal 239)
   defining Unicode char U+00F8 (decimal 248)
   defining Unicode char U+0131 (decimal 305)
   defining Unicode char U+0141 (decimal 321)
   defining Unicode char U+0142 (decimal 322)
   defining Unicode char U+0152 (decimal 338)
   defining Unicode char U+0153 (decimal 339)
   defining Unicode char U+2013 (decimal 8211)
   defining Unicode char U+2014 (decimal 8212)
   defining Unicode char U+2018 (decimal 8216)
   defining Unicode char U+2019 (decimal 8217)
   defining Unicode char U+201C (decimal 8220)
   defining Unicode char U+201D (decimal 8221)
)
Now handling font encoding OMS ...
... processing UTF-8 mapping file for font encoding OMS

("C:\Program Files (x86)\MiKTeX 2.9\tex\latex\base\omsenc.dfu"
File: omsenc.dfu 2008/04/05 v1.1m UTF-8 support for inputenc
   defining Unicode char U+00A7 (decimal 167)
   defining Unicode char U+00B6 (decimal 182)
   defining Unicode char U+00B7 (decimal 183)
   defining Unicode char U+2020 (decimal 8224)
   defining Unicode char U+2021 (decimal 8225)
   defining Unicode char U+2022 (decimal 8226)
)
Now handling font encoding OMX ...
... no UTF-8 mapping file for font encoding OMX
Now handling font encoding U ...
... no UTF-8 mapping file for font encoding U
   defining Unicode char U+00A9 (decimal 169)
   defining Unicode char U+00AA (decimal 170)
   defining Unicode char U+00AE (decimal 174)
   defining Unicode char U+00BA (decimal 186)
   defining Unicode char U+02C6 (decimal 710)
   defining Unicode char U+02DC (decimal 732)
   defining Unicode char U+200C (decimal 8204)
   defining Unicode char U+2026 (decimal 8230)
   defining Unicode char U+2122 (decimal 8482)
   defining Unicode char U+2423 (decimal 9251)
))
(C:\Users\Nico\AppData\Roaming\MiKTeX\2.9\tex\latex\ucs\ucs.sty
Package: ucs 2013/05/11 v2.2 UCS: Unicode input support

(C:\Users\Nico\AppData\Roaming\MiKTeX\2.9\tex\latex\ucs\uni-global.def
File: uni-global.def 2013/05/13 UCS: Unicode global data
)
\uc@secondtry=\count97
\uc@combtoks=\toks18
\uc@combtoksb=\toks19
\uc@temptokena=\toks20
)
("C:\Program Files (x86)\MiKTeX 2.9\tex\latex\psnfss\courier.sty"
Package: courier 2005/04/12 PSNFSS-v9.2a (WaS) 
)
(C:\Users\Nico\AppData\Roaming\MiKTeX\2.9\tex\latex\url\url.sty
\Urlmuskip=\muskip10
Package: url 2013/09/16  ver 3.4  Verb mode for urls, etc.
)
("C:\Program Files (x86)\MiKTeX 2.9\tex\latex\hyperref\hyperref.sty"
Package: hyperref 2012/11/06 v6.83m Hypertext links for LaTeX

("C:\Program Files (x86)\MiKTeX 2.9\tex\generic\oberdiek\hobsub-hyperref.sty"
Package: hobsub-hyperref 2012/04/25 v1.12 Bundle oberdiek, subset hyperref (HO)


("C:\Program Files (x86)\MiKTeX 2.9\tex\generic\oberdiek\hobsub-generic.sty"
Package: hobsub-generic 2012/04/25 v1.12 Bundle oberdiek, subset generic (HO)
Package: hobsub 2012/04/25 v1.12 Construct package bundles (HO)
Package hobsub Info: Skipping package `infwarerr' (already loaded).
Package hobsub Info: Skipping package `ltxcmds' (already loaded).
Package: ifluatex 2010/03/01 v1.3 Provides the ifluatex switch (HO)
Package ifluatex Info: LuaTeX not detected.
Package: ifvtex 2010/03/01 v1.5 Detect VTeX and its facilities (HO)
Package ifvtex Info: VTeX not detected.
Package: intcalc 2007/09/27 v1.1 Expandable calculations with integers (HO)
Package: ifpdf 2011/01/30 v2.3 Provides the ifpdf switch (HO)
Package ifpdf Info: pdfTeX in PDF mode is detected.
Package: etexcmds 2011/02/16 v1.5 Avoid name clashes with e-TeX commands (HO)
Package etexcmds Info: Could not find \expanded.
(etexcmds)             That can mean that you are not using pdfTeX 1.50 or
(etexcmds)             that some package has redefined \expanded.
(etexcmds)             In the latter case, load this package earlier.
Package: kvsetkeys 2012/04/25 v1.16 Key value parser (HO)
Package: kvdefinekeys 2011/04/07 v1.3 Define keys (HO)
Package: pdftexcmds 2011/11/29 v0.20 Utility functions of pdfTeX for LuaTeX (HO
)
Package pdftexcmds Info: LuaTeX not detected.
Package pdftexcmds Info: \pdf@primitive is available.
Package pdftexcmds Info: \pdf@ifprimitive is available.
Package pdftexcmds Info: \pdfdraftmode found.
Package: pdfescape 2011/11/25 v1.13 Implements pdfTeX's escape features (HO)
Package: bigintcalc 2012/04/08 v1.3 Expandable calculations on big integers (HO
)
Package: bitset 2011/01/30 v1.1 Handle bit-vector datatype (HO)
Package: uniquecounter 2011/01/30 v1.2 Provide unlimited unique counter (HO)
)
Package hobsub Info: Skipping package `hobsub' (already loaded).
Package: letltxmacro 2010/09/02 v1.4 Let assignment for LaTeX macros (HO)
Package: hopatch 2011/06/24 v1.1 Wrapper for package hooks (HO)
Package: xcolor-patch 2011/01/30 xcolor patch
Package: atveryend 2011/06/30 v1.8 Hooks at the very end of document (HO)
Package atveryend Info: \enddocument detected (standard20110627).
Package: atbegshi 2011/10/05 v1.16 At begin shipout hook (HO)
Package: refcount 2011/10/16 v3.4 Data extraction from label references (HO)
Package: hycolor 2011/01/30 v1.7 Color options for hyperref/bookmark (HO)
)
("C:\Program Files (x86)\MiKTeX 2.9\tex\generic\ifxetex\ifxetex.sty"
Package: ifxetex 2010/09/12 v0.6 Provides ifxetex conditional
)
("C:\Program Files (x86)\MiKTeX 2.9\tex\latex\oberdiek\auxhook.sty"
Package: auxhook 2011/03/04 v1.3 Hooks for auxiliary files (HO)
)
("C:\Program Files (x86)\MiKTeX 2.9\tex\latex\oberdiek\kvoptions.sty"
Package: kvoptions 2011/06/30 v3.11 Key value format for package options (HO)
)
\@linkdim=\dimen111
\Hy@linkcounter=\count98
\Hy@pagecounter=\count99

("C:\Program Files (x86)\MiKTeX 2.9\tex\latex\hyperref\pd1enc.def"
File: pd1enc.def 2012/11/06 v6.83m Hyperref: PDFDocEncoding definition (HO)
Now handling font encoding PD1 ...
... no UTF-8 mapping file for font encoding PD1
)
\Hy@SavedSpaceFactor=\count100

("C:\Program Files (x86)\MiKTeX 2.9\tex\latex\00miktex\hyperref.cfg"
File: hyperref.cfg 2002/06/06 v1.2 hyperref configuration of TeXLive
)
Package hyperref Info: Hyper figures OFF on input line 4443.
Package hyperref Info: Link nesting OFF on input line 4448.
Package hyperref Info: Hyper index ON on input line 4451.
Package hyperref Info: Plain pages OFF on input line 4458.
Package hyperref Info: Backreferencing OFF on input line 4463.
Package hyperref Info: Implicit mode ON; LaTeX internals redefined.
Package hyperref Info: Bookmarks ON on input line 4688.
\c@Hy@tempcnt=\count101
LaTeX Info: Redefining \url on input line 5041.
\XeTeXLinkMargin=\dimen112
\Fld@menulength=\count102
\Field@Width=\dimen113
\Fld@charsize=\dimen114
Package hyperref Info: Hyper figures OFF on input line 6295.
Package hyperref Info: Link nesting OFF on input line 6300.
Package hyperref Info: Hyper index ON on input line 6303.
Package hyperref Info: backreferencing OFF on input line 6310.
Package hyperref Info: Link coloring OFF on input line 6315.
Package hyperref Info: Link coloring with OCG OFF on input line 6320.
Package hyperref Info: PDF/A mode OFF on input line 6325.
LaTeX Info: Redefining \ref on input line 6365.
LaTeX Info: Redefining \pageref on input line 6369.
\Hy@abspage=\count103
\c@Item=\count104
\c@Hfootnote=\count105
)

Package hyperref Message: Driver (autodetected): hpdftex.

("C:\Program Files (x86)\MiKTeX 2.9\tex\latex\hyperref\hpdftex.def"
File: hpdftex.def 2012/11/06 v6.83m Hyperref driver for pdfTeX
\Fld@listcount=\count106
\c@bookmark@seq@number=\count107

("C:\Program Files (x86)\MiKTeX 2.9\tex\latex\oberdiek\rerunfilecheck.sty"
Package: rerunfilecheck 2011/04/15 v1.7 Rerun checks for auxiliary files (HO)
Package uniquecounter Info: New unique counter `rerunfilecheck' on input line 2
82.
)
\Hy@SectionHShift=\skip43
)
(C:\Users\Nico\AppData\Roaming\MiKTeX\2.9\tex\latex\breakurl\breakurl.sty
Package: breakurl 2013/04/10 v1.40 Breakable hyperref URLs

("C:\Program Files (x86)\MiKTeX 2.9\tex\latex\xkeyval\xkeyval.sty"
Package: xkeyval 2012/10/14 v2.6b package option processing (HA)

("C:\Program Files (x86)\MiKTeX 2.9\tex\generic\xkeyval\xkeyval.tex"
\XKV@toks=\toks21
\XKV@tempa@toks=\toks22
\XKV@depth=\count108
File: xkeyval.tex 2012/10/14 v2.6b key=value parser (HA)
))

Package breakurl Warning: You are using breakurl while processing via pdflatex.

(breakurl)                \burl will be just a synonym of \url.
(breakurl)                 on input line 48.

)
(C:\Users\Nico\Documents\GitHub\Tally_Teamproject\documents\documentation\Tally
Dokumentation.aux)
LaTeX Font Info:    Checking defaults for OML/cmm/m/it on input line 76.
LaTeX Font Info:    ... okay on input line 76.
LaTeX Font Info:    Checking defaults for T1/cmr/m/n on input line 76.
LaTeX Font Info:    ... okay on input line 76.
LaTeX Font Info:    Checking defaults for OT1/cmr/m/n on input line 76.
LaTeX Font Info:    ... okay on input line 76.
LaTeX Font Info:    Checking defaults for OMS/cmsy/m/n on input line 76.
LaTeX Font Info:    ... okay on input line 76.
LaTeX Font Info:    Checking defaults for OMX/cmex/m/n on input line 76.
LaTeX Font Info:    ... okay on input line 76.
LaTeX Font Info:    Checking defaults for U/cmr/m/n on input line 76.
LaTeX Font Info:    ... okay on input line 76.
LaTeX Font Info:    Checking defaults for PD1/pdf/m/n on input line 76.
LaTeX Font Info:    ... okay on input line 76.

(C:\Users\Nico\AppData\Roaming\MiKTeX\2.9\tex\context\base\supp-pdf.mkii
[Loading MPS to PDF converter (version 2006.09.02).]
\scratchcounter=\count109
\scratchdimen=\dimen115
\scratchbox=\box28
\nofMPsegments=\count110
\nofMParguments=\count111
\everyMPshowfont=\toks23
\MPscratchCnt=\count112
\MPscratchDim=\dimen116
\MPnumerator=\count113
\makeMPintoPDFobject=\count114
\everyMPtoPDFconversion=\toks24
)
\c@lstlisting=\count115
 (C:\Users\Nico\AppData\Roaming\MiKTeX\2.9\tex\latex\ucs\ucsencs.def
File: ucsencs.def 2011/01/21 Fixes to fontencodings LGR, T3
)
\AtBeginShipoutBox=\box29
Package hyperref Info: Link coloring OFF on input line 76.

("C:\Program Files (x86)\MiKTeX 2.9\tex\latex\hyperref\nameref.sty"
Package: nameref 2012/10/27 v2.43 Cross-referencing by name of section

("C:\Program Files (x86)\MiKTeX 2.9\tex\generic\oberdiek\gettitlestring.sty"
Package: gettitlestring 2010/12/03 v1.4 Cleanup title references (HO)
)
\c@section@level=\count116
)
LaTeX Info: Redefining \ref on input line 76.
LaTeX Info: Redefining \pageref on input line 76.
LaTeX Info: Redefining \nameref on input line 76.

(C:\Users\Nico\Documents\GitHub\Tally_Teamproject\documents\documentation\Tally
Dokumentation.out)
(C:\Users\Nico\Documents\GitHub\Tally_Teamproject\documents\documentation\Tally
Dokumentation.out)
\@outlinefile=\write3
LaTeX Font Info:    External font `cmex10' loaded for size
(Font)              <12> on input line 86.
LaTeX Font Info:    External font `cmex10' loaded for size
(Font)              <8> on input line 86.
LaTeX Font Info:    External font `cmex10' loaded for size
(Font)              <6> on input line 86.
 <TallyLogo.png, id=211, 1726.45pt x 680.5425pt>
File: TallyLogo.png Graphic file (type png)

<use TallyLogo.png>
Package pdftex.def Info: TallyLogo.png used on input line 88.
(pdftex.def)             Requested size: 426.79134pt x 168.2349pt.
 [1

{C:/Users/Nico/AppData/Local/MiKTeX/2.9/pdftex/config/pdftex.map} <C:/Users/Nic
o/Documents/GitHub/Tally_Teamproject/documents/documentation/TallyLogo.png>]
(C:\Users\Nico\Documents\GitHub\Tally_Teamproject\documents\documentation\Tally
Dokumentation.toc
LaTeX Font Info:    External font `cmex10' loaded for size
(Font)              <10.95> on input line 2.
pdfTeX warning (ext4): destination with the same identifier (name{page.1}) has 
been already used, duplicate ignored
<to be read again> 
                   \relax 
l.30 ...5}Der Touchscreen}{9}{subsubsection.4.1.5}
                                                   [1])
\tf@toc=\write4
 [2] [3] [4]
Overfull \hbox (12.0789pt too wide) in paragraph at lines 160--161
[]\T1/cmr/m/n/10.95 Der Ad-mi-nis-tra-tor kann über die We-bo-ber-flä-che Pro-d
uk-te hin-zu-fü-gen,entfernen
 []

[5] [6] <RaspberryPi.png, id=305, 1232.605pt x 694.595pt>
File: RaspberryPi.png Graphic file (type png)

<use RaspberryPi.png>
Package pdftex.def Info: RaspberryPi.png used on input line 185.
(pdftex.def)             Requested size: 256.0748pt x 144.30064pt.
 [7 <C:/Users/Nico/Documents/GitHub/Tally_Teamproject/documents/documentation/R
aspberryPi.png (PNG copy)>]
LaTeX Font Info:    Try loading font information for T1+pcr on input line 199.

("C:\Program Files (x86)\MiKTeX 2.9\tex\latex\psnfss\t1pcr.fd"
File: t1pcr.fd 2001/06/04 font definitions for T1/pcr.
) [8] [9]
<4dpi.png, id=354, 301.125pt x 200.85037pt>
File: 4dpi.png Graphic file (type png)
 <use 4dpi.png>
Package pdftex.def Info: 4dpi.png used on input line 316.
(pdftex.def)             Requested size: 256.0748pt x 170.81862pt.


LaTeX Warning: `h' float specifier changed to `ht'.

[10] [11 <C:/Users/Nico/Documents/GitHub/Tally_Teamproject/documents/documentat
ion/4dpi.png>] [12] <bootscreen.png, id=413, 481.8pt x 321.2pt>
File: bootscreen.png Graphic file (type png)

<use bootscreen.png>
Package pdftex.def Info: bootscreen.png used on input line 409.
(pdftex.def)             Requested size: 256.0748pt x 170.7204pt.
 [13 <C:/Users/Nico/Documents/GitHub/Tally_Teamproject/documents/documentation/
bootscreen.png>] [14] [15]
Overfull \hbox (30.00366pt too wide) in paragraph at lines 548--550
[][][][][] 
 []


Overfull \hbox (30.00366pt too wide) in paragraph at lines 562--563
[][][][][] 
 []

[16] [17] [18] [19]
Overfull \hbox (30.00366pt too wide) in paragraph at lines 824--826
[][][][][] 
 []


Overfull \hbox (30.00366pt too wide) in paragraph at lines 838--839
[][][][][] 
 []

[20] [21] [22] [23] [24] [25] [26]
<automat.png, id=903, 444.91219pt x 351.56343pt>
File: automat.png Graphic file (type png)
 <use automat.png>
Package pdftex.def Info: automat.png used on input line 1146.
(pdftex.def)             Requested size: 256.0748pt x 202.34587pt.

Overfull \hbox (29.71841pt too wide) in paragraph at lines 1150--1157
\T1/cmr/m/n/10.95 wur-de geklickt) wie-der zu-rück in die main.cpp zu ge-lan-ge
n. -->mainWindowPointer-
 []

[27 <C:/Users/Nico/Documents/GitHub/Tally_Teamproject/documents/documentation/a
utomat.png>] <2Login-Screen.png, id=910, 530.73282pt x 293.59688pt>
File: 2Login-Screen.png Graphic file (type png)

<use 2Login-Screen.png>
Package pdftex.def Info: 2Login-Screen.png used on input line 1177.
(pdftex.def)             Requested size: 256.0748pt x 141.65959pt.

<3Passwort-Screen.png, id=911, 526.21594pt x 293.59688pt>
File: 3Passwort-Screen.png Graphic file (type png)

<use 3Passwort-Screen.png>
Package pdftex.def Info: 3Passwort-Screen.png used on input line 1191.
(pdftex.def)             Requested size: 256.0748pt x 142.87813pt.


LaTeX Warning: `h' float specifier changed to `ht'.

[28 <C:/Users/Nico/Documents/GitHub/Tally_Teamproject/documents/documentation/2
Login-Screen.png>]
Overfull \hbox (0.6103pt too wide) in paragraph at lines 1201--1202
[]\T1/cmr/m/n/10.95 35 : Es wur-de auf `Fa-vo-ri-ten' geklickt und man ge-langt
 in den Favoriten-
 []

[29 <C:/Users/Nico/Documents/GitHub/Tally_Teamproject/documents/documentation/3
Passwort-Screen.png>]
<4CoffeeSweetsScan-Screen.png, id=944, 526.21594pt x 293.59688pt>
File: 4CoffeeSweetsScan-Screen.png Graphic file (type png)

<use 4CoffeeSweetsScan-Screen.png>
Package pdftex.def Info: 4CoffeeSweetsScan-Screen.png used on input line 1210.
(pdftex.def)             Requested size: 256.0748pt x 142.87813pt.

<5CoffeList-Screen.png, id=945, 528.47438pt x 295.85532pt>
File: 5CoffeList-Screen.png Graphic file (type png)

<use 5CoffeList-Screen.png>
Package pdftex.def Info: 5CoffeList-Screen.png used on input line 1222.
(pdftex.def)             Requested size: 256.0748pt x 143.35873pt.
 [30 <C:/Users/Nico/Documents/GitHub/Tally_Teamproject/documents/documentation/
4CoffeeSweetsScan-Screen.png> <C:/Users/Nico/Documents/GitHub/Tally_Teamproject
/documents/documentation/5CoffeList-Screen.png>]
<6SweetsList-Screen.png, id=960, 527.72156pt x 291.33844pt>
File: 6SweetsList-Screen.png Graphic file (type png)

<use 6SweetsList-Screen.png>
Package pdftex.def Info: 6SweetsList-Screen.png used on input line 1234.
(pdftex.def)             Requested size: 256.0748pt x 141.37009pt.

<8Scan-Screen.png, id=961, 528.47438pt x 292.09125pt>
File: 8Scan-Screen.png Graphic file (type png)
 <use 8Scan-Screen.png>
Package pdftex.def Info: 8Scan-Screen.png used on input line 1244.
(pdftex.def)             Requested size: 256.0748pt x 141.53482pt.

[31 <C:/Users/Nico/Documents/GitHub/Tally_Teamproject/documents/documentation/6
SweetsList-Screen.png> <C:/Users/Nico/Documents/GitHub/Tally_Teamproject/docume
nts/documentation/8Scan-Screen.png>]
<7Settings-Screen.png, id=973, 526.96875pt x 294.34969pt>
File: 7Settings-Screen.png Graphic file (type png)

<use 7Settings-Screen.png>
Package pdftex.def Info: 7Settings-Screen.png used on input line 1260.
(pdftex.def)             Requested size: 256.0748pt x 143.04237pt.
 [32 <C:/Users/Nico/Documents/GitHub/Tally_Teamproject/documents/documentation/
7Settings-Screen.png>] [33] [34] [35] [36] [37]
[38] [39] [40] [41] [42] [43] [44] [45] [46] [47] [48] [49] [50] [51] [52]
[53]
(C:\Users\Nico\Documents\GitHub\Tally_Teamproject\documents\documentation\Tally
Dokumentation.bbl
Underfull \hbox (badness 7613) in paragraph at lines 11--14
[]\T1/cmr/m/it/10.95 C-Berry Touch von ad-ma-tec\T1/cmr/m/n/10.95 .  []$\T1/pcr
/m/n/10.95 http : / / admatec . de / pdfs /$
 []


Underfull \hbox (badness 10000) in paragraph at lines 26--31
[]\T1/cmr/m/it/10.95 X11 (LX-DE) Pro-gram-me au-to-ma-tisch star-
 []


Underfull \hbox (badness 10000) in paragraph at lines 26--31
\T1/cmr/m/it/10.95 ten\T1/cmr/m/n/10.95 .  []$\T1/pcr/m/n/10.95 http : / / www 
. forum-[]raspberrypi . de /$
 []


Overfull \hbox (125.81451pt too wide) in paragraph at lines 26--31
$\T1/pcr/m/n/10.95 Thread-[]tutorial-[]automatisches-[]starten-[]von-[]scripte-
[]programme-[]autostart ?$
 []


Underfull \hbox (badness 10000) in paragraph at lines 44--49
[]\T1/cmr/m/it/10.95 QT C++ GUI Tu-to-ri-al\T1/cmr/m/n/10.95 .  []$\T1/pcr/m/n/
10.95 https : / / www . youtube . com /$
 []


Underfull \hbox (badness 10000) in paragraph at lines 44--49
$\T1/pcr/m/n/10.95 watch ? v = 8opfd5aYkq8 & list = PLS1QulWo1RIZjrD _$
 []


Underfull \hbox (badness 10000) in paragraph at lines 76--81
[]\T1/cmr/m/it/10.95 jQuery Ajax to php to sq-li-te\T1/cmr/m/n/10.95 .  []$\T1/
pcr/m/n/10.95 http : / / www .$
 []


Underfull \hbox (badness 10000) in paragraph at lines 76--81
$\T1/pcr/m/n/10.95 kriwanek . de / raspberry-[]pi / raspberry-[]webserver /$
 []


Underfull \hbox (badness 10000) in paragraph at lines 76--81
$\T1/pcr/m/n/10.95 375-[]webseiten-[]mit-[]php5-[]pdo-[]und-[]sqlite-[]erstelle
n .$
 []


Underfull \hbox (badness 6332) in paragraph at lines 93--96
[]\T1/cmr/m/it/10.95 Qt Crea-tor\T1/cmr/m/n/10.95 .  []$\T1/pcr/m/n/10.95 https
 : / / wiki . qt . io / Apt-[]get _ Qt4 _ on _ the _$
 []

[54]
Underfull \hbox (badness 10000) in paragraph at lines 98--102
[]\T1/cmr/m/it/10.95 C-Berry Touch\T1/cmr/m/n/10.95 .  []$\T1/pcr/m/n/10.95 htt
p : / / www . forum-[]raspberrypi . de /$
 []


Underfull \hbox (badness 10000) in paragraph at lines 98--102
$\T1/pcr/m/n/10.95 Thread-[]test-[]c-[]berry-[]3-[]5-[]tft-[]display$[]\T1/cmr/
m/n/10.95 . --  Ein-ge-se-hen
 []


Underfull \hbox (badness 4492) in paragraph at lines 104--109
[]\T1/cmr/m/it/10.95 7 Zoll Pol-lin Touch-s-creen\T1/cmr/m/n/10.95 .  []$\T1/pc
r/m/n/10.95 http : / / www . pollin . de / shop /$
 []


Underfull \hbox (badness 10000) in paragraph at lines 104--109
$\T1/pcr/m/n/10.95 dt / NTMwOTc4OTk-[] / Bauelemente _ Bauteile / Aktive _$
 []


Underfull \hbox (badness 10000) in paragraph at lines 104--109
$\T1/pcr/m/n/10.95 Bauelemente / Displays / 7 _ 17 _ 78 _ cm _ Display _ Set _ 
mit _$
 []


Underfull \hbox (badness 10000) in paragraph at lines 111--116
[]\T1/cmr/m/it/10.95 4DPi-35 Touch-s-creen\T1/cmr/m/n/10.95 .  []$\T1/pcr/m/n/1
0.95 http : / / www . 4dsystems . com . au /$
 []


Underfull \hbox (badness 10000) in paragraph at lines 111--116
$\T1/pcr/m/n/10.95 productpages / 4DPi-[]35 / downloads / 4DPi-[]35 _ datasheet
 _ R _$
 []


Underfull \hbox (badness 10000) in paragraph at lines 118--123
[]\T1/cmr/m/it/10.95 Edimax Wlan Stick\T1/cmr/m/n/10.95 .  []$\T1/pcr/m/n/10.95
 http : / / www . edimax . com / edimax /$
 []


Underfull \hbox (badness 10000) in paragraph at lines 118--123
$\T1/pcr/m/n/10.95 merchandise / merchandise _ detail / data / edimax / global 
/$
 []


Underfull \hbox (badness 8000) in paragraph at lines 118--123
$\T1/pcr/m/n/10.95 wireless _ adapters _ n150 / ew-[]7811un$[]\T1/cmr/m/n/10.95
 . --  Ein-ge-se-hen am
 []


Underfull \hbox (badness 10000) in paragraph at lines 125--130
[]\T1/cmr/m/it/10.95 Bootlogo\T1/cmr/m/n/10.95 .  []$\T1/pcr/m/n/10.95 http : /
 / www . edv-[]huber .$
 []


Underfull \hbox (badness 10000) in paragraph at lines 125--130
$\T1/pcr/m/n/10.95 com / index . php / problemloesungen /$
 []

)
Package atveryend Info: Empty hook `BeforeClearDocument' on input line 2188.
 [55]
Package atveryend Info: Empty hook `AfterLastShipout' on input line 2188.

(C:\Users\Nico\Documents\GitHub\Tally_Teamproject\documents\documentation\Tally
Dokumentation.aux)
Package atveryend Info: Executing hook `AtVeryEndDocument' on input line 2188.
Package atveryend Info: Executing hook `AtEndAfterFileList' on input line 2188.

Package rerunfilecheck Info: File `TallyDokumentation.out' has not changed.
(rerunfilecheck)             Checksum: E8F33BA829FC4AC4C38101B16DC63AC2;4004.
Package atveryend Info: Empty hook `AtVeryVeryEnd' on input line 2188.
 ) 
Here is how much of TeX's memory you used:
 9194 strings out of 493921
 132871 string characters out of 3144879
 341590 words of memory out of 3000000
 11238 multiletter control sequences out of 15000+200000
 16933 words of font info for 41 fonts, out of 3000000 for 9000
 841 hyphenation exceptions out of 8191
 30i,8n,39p,820b,1808s stack positions out of 5000i,500n,10000p,200000b,50000s
 <C:\Users\Nico\AppData\Local\MiKTeX\2.9\fonts\pk\ljfour\jknappen\ec\dpi600\e
cti1095.pk>{C:/Program Files (x86)/MiKTeX 2.9/fonts/enc/dvips/fontname/8r.enc} 
<C:\Users\Nico\AppData\Local\MiKTeX\2.9\fonts\pk\ljfour\jknappen\ec\dpi600\ecrm
0600.pk> <C:\Users\Nico\AppData\Local\MiKTeX\2.9\fonts\pk\ljfour\jknappen\ec\dp
i600\ecbx1200.pk> <C:\Users\Nico\AppData\Local\MiKTeX\2.9\fonts\pk\ljfour\jknap
pen\ec\dpi600\ecbx1095.pk> <C:\Users\Nico\AppData\Local\MiKTeX\2.9\fonts\pk\ljf
our\jknappen\ec\dpi600\ecbx1440.pk> <C:\Users\Nico\AppData\Local\MiKTeX\2.9\fon
ts\pk\ljfour\jknappen\ec\dpi600\ecrm1095.pk> <C:\Users\Nico\AppData\Local\MiKTe
X\2.9\fonts\pk\ljfour\jknappen\ec\dpi600\ecrm1200.pk> <C:\Users\Nico\AppData\Lo
cal\MiKTeX\2.9\fonts\pk\ljfour\jknappen\ec\dpi600\ecbx1728.pk><C:/Program Files
 (x86)/MiKTeX 2.9/fonts/type1/public/amsfonts/cm/cmmi10.pfb><C:/Program Files (
x86)/MiKTeX 2.9/fonts/type1/urw/courier/ucrr8a.pfb>
Output written on TallyDokumentation.pdf (56 pages, 1846430 bytes).
PDF statistics:
 2254 PDF objects out of 2487 (max. 8388607)
 1133 named destinations out of 1200 (max. 500000)
 477 words of extra memory for PDF output out of 10000 (max. 10000000)

